

Version:	3.50
CmdLine:	E:\_java\manajemen-kas\output\manajemen-kas.exe --l4j-debug
JNI:		No
WOW64:		Yes
Working dir:	E:\_java\manajemen-kas\output\.
Requires JDK:	No
Requires 64-Bit: No
Java min ver:	1.024.000
Java max ver:	
JRE paths:	C:\Program Files\Java\jdk-24
Check launcher:	C:\Program Files\Java\jdk-24\bin\javaw.exe (OK)
Version string: 1.024.000_002 / 64-Bit (OK)
Launcher:	C:\Program Files\Java\jdk-24\bin\javaw.exe
Launcher args:	-jar "E:\_java\manajemen-kas\output\manajemen-kas.exe"
Args length:	54/32768 chars
Exit code:	0


Version:	3.50
CmdLine:	E:\_java\manajemen-kas\output\manajemen-kas.exe --l4j-debug
JNI:		No
WOW64:		Yes
Working dir:	E:\_java\manajemen-kas\output\.
Requires JDK:	No
Requires 64-Bit: No
Java min ver:	1.024.000
Java max ver:	
JRE paths:	C:\Program Files\Java\jdk-24
Check launcher:	C:\Program Files\Java\jdk-24\bin\javaw.exe (OK)
Version string: 1.024.000_002 / 64-Bit (OK)
Launcher:	C:\Program Files\Java\jdk-24\bin\javaw.exe
Launcher args:	-jar "E:\_java\manajemen-kas\output\manajemen-kas.exe"
Args length:	54/32768 chars
Exit code:	0


Version:	3.50
CmdLine:	E:\_java\manajemen-kas\output\manajemen-kas.exe --l4j-debug
JNI:		No
WOW64:		Yes
Working dir:	E:\_java\manajemen-kas\output\.
Requires JDK:	No
Requires 64-Bit: No
Java min ver:	1.024.000
Java max ver:	
JRE paths:	C:\Program Files\Java\jdk-24
Check launcher:	C:\Program Files\Java\jdk-24\bin\javaw.exe (OK)
Version string: 1.024.000_002 / 64-Bit (OK)
Launcher:	C:\Program Files\Java\jdk-24\bin\javaw.exe
Launcher args:	-jar "E:\_java\manajemen-kas\output\manajemen-kas.exe"
Args length:	54/32768 chars
Exit code:	0


Version:	3.50
CmdLine:	E:\_java\manajemen-kas\output\manajemen-kas.exe --l4j-debug
JNI:		No
WOW64:		Yes
Working dir:	E:\_java\manajemen-kas\output\.
Requires JDK:	No
Requires 64-Bit: No
Java min ver:	1.024.000
Java max ver:	
JRE paths:	C:\Program Files\Java\jdk-24
Check launcher:	C:\Program Files\Java\jdk-24\bin\javaw.exe (OK)
Version string: 1.024.000_002 / 64-Bit (OK)
Launcher:	C:\Program Files\Java\jdk-24\bin\javaw.exe
Launcher args:	-jar "E:\_java\manajemen-kas\output\manajemen-kas.exe"
Args length:	54/32768 chars
Exit code:	0


Version:	3.50
CmdLine:	E:\_java\manajemen-kas\output\manajemen-kas.exe --l4j-debug
JNI:		No
WOW64:		Yes
Working dir:	E:\_java\manajemen-kas\output\.
Requires JDK:	No
Requires 64-Bit: No
Java min ver:	1.024.000
Java max ver:	
JRE paths:	C:\Program Files\Java\jdk-24
Check launcher:	C:\Program Files\Java\jdk-24\bin\javaw.exe (OK)
Version string: 1.024.000_002 / 64-Bit (OK)
Launcher:	C:\Program Files\Java\jdk-24\bin\javaw.exe
Launcher args:	-jar "E:\_java\manajemen-kas\output\manajemen-kas.exe"
Args length:	54/32768 chars
Exit code:	0


Version:	3.50
CmdLine:	E:\_java\manajemen-kas\output\manajemen-kas.exe --l4j-debug
JNI:		No
WOW64:		Yes
Working dir:	E:\_java\manajemen-kas\output\.
Requires JDK:	No
Requires 64-Bit: No
Java min ver:	1.024.000
Java max ver:	
JRE paths:	C:\Program Files\Java\jdk-24
Check launcher:	C:\Program Files\Java\jdk-24\bin\javaw.exe (OK)
Version string: 1.024.000_002 / 64-Bit (OK)
Launcher:	C:\Program Files\Java\jdk-24\bin\javaw.exe
Launcher args:	-jar "E:\_java\manajemen-kas\output\manajemen-kas.exe"
Args length:	54/32768 chars
Exit code:	0


Version:	3.50
CmdLine:	E:\_java\manajemen-kas\output\manajemen-kas.exe --l4j-debug
JNI:		No
WOW64:		Yes
Working dir:	E:\_java\manajemen-kas\output\.
Requires JDK:	No
Requires 64-Bit: No
Java min ver:	1.024.000
Java max ver:	
JRE paths:	C:\Program Files\Java\jdk-24
Check launcher:	C:\Program Files\Java\jdk-24\bin\javaw.exe (OK)
Version string: 1.024.000_002 / 64-Bit (OK)
Launcher:	C:\Program Files\Java\jdk-24\bin\javaw.exe
Launcher args:	-jar "E:\_java\manajemen-kas\output\manajemen-kas.exe"
Args length:	54/32768 chars
Exit code:	0


Version:	3.50
CmdLine:	E:\_java\manajemen-kas\output\manajemen-kas.exe --l4j-debug
JNI:		No
WOW64:		Yes
Working dir:	E:\_java\manajemen-kas\output\.
Requires JDK:	No
Requires 64-Bit: No
Java min ver:	1.024.000
Java max ver:	
JRE paths:	C:\Program Files\Java\jdk-24
Check launcher:	C:\Program Files\Java\jdk-24\bin\javaw.exe (OK)
Version string: 1.024.000_002 / 64-Bit (OK)
Launcher:	C:\Program Files\Java\jdk-24\bin\javaw.exe
Launcher args:	-jar "E:\_java\manajemen-kas\output\manajemen-kas.exe" --enable-native-access=ALL-UNNAMED
Args length:	89/32768 chars
Exit code:	0


Version:	3.50
CmdLine:	E:\_java\manajemen-kas\output\manajemen-kas.exe --l4j-debug
JNI:		No
WOW64:		Yes
Working dir:	E:\_java\manajemen-kas\output\.
Requires JDK:	No
Requires 64-Bit: No
Java min ver:	1.024.000
Java max ver:	
JRE paths:	C:\Program Files\Java\jdk-24
Check launcher:	C:\Program Files\Java\jdk-24\bin\javaw.exe (OK)
Version string: 1.024.000_002 / 64-Bit (OK)
Launcher:	C:\Program Files\Java\jdk-24\bin\javaw.exe
Launcher args:	-jar "E:\_java\manajemen-kas\output\manajemen-kas.exe"
Args length:	54/32768 chars
Exit code:	0


Version:	3.50
CmdLine:	E:\_java\manajemen-kas\output\manajemen-kas.exe --l4j-debug
JNI:		No
WOW64:		Yes
Working dir:	E:\_java\manajemen-kas\output\.
Requires JDK:	No
Requires 64-Bit: No
Java min ver:	1.024.000
Java max ver:	
JRE paths:	C:\Program Files\Java\jdk-24
Check launcher:	C:\Program Files\Java\jdk-24\bin\javaw.exe (OK)
Version string: 1.024.000_002 / 64-Bit (OK)
Launcher:	C:\Program Files\Java\jdk-24\bin\javaw.exe
Launcher args:	-jar "E:\_java\manajemen-kas\output\manajemen-kas.exe"
Args length:	54/32768 chars
Exit code:	0


Version:	3.50
CmdLine:	E:\_java\manajemen-kas\output\manajemen-kas.exe --l4j-debug
JNI:		No
WOW64:		Yes
Working dir:	E:\_java\manajemen-kas\output\.
Requires JDK:	No
Requires 64-Bit: No
Java min ver:	1.024.000
Java max ver:	
JRE paths:	C:\Program Files\Java\jdk-24
Check launcher:	C:\Program Files\Java\jdk-24\bin\javaw.exe (OK)
Version string: 1.024.000_002 / 64-Bit (OK)
Launcher:	C:\Program Files\Java\jdk-24\bin\javaw.exe
Launcher args:	-jar "E:\_java\manajemen-kas\output\manajemen-kas.exe"
Args length:	54/32768 chars
Exit code:	0


Version:	3.50
CmdLine:	E:\_java\manajemen-kas\output\manajemen-kas.exe --l4j-debug
JNI:		No
WOW64:		Yes
Working dir:	E:\_java\manajemen-kas\output\.
Requires JDK:	No
Requires 64-Bit: No
Java min ver:	1.024.000
Java max ver:	
JRE paths:	C:\Program Files\Java\jdk-24
Check launcher:	C:\Program Files\Java\jdk-24\bin\javaw.exe (OK)
Version string: 1.024.000_002 / 64-Bit (OK)
Launcher:	C:\Program Files\Java\jdk-24\bin\javaw.exe
Launcher args:	-jar "E:\_java\manajemen-kas\output\manajemen-kas.exe"
Args length:	54/32768 chars
Exit code:	0
